<?xml version="1.0" encoding="utf-8" standalone="no"?>
<!--This file represents the results of running a test suite-->
<test-results name="C:\Documents and Settings\mario.li\My Documents\Visual Studio 2010\Projects\OesClient\OesUI.test\bin\Debug\OesUI.test.dll" total="1" errors="0" failures="0" not-run="0" inconclusive="0" ignored="0" skipped="0" invalid="0" date="2015-08-31" time="09:16:05">
  <environment nunit-version="2.5.10.11092" clr-version="2.0.50727.3053" os-version="Microsoft Windows NT 5.1.2600 Service Pack 3" platform="Win32NT" cwd="C:\Documents and Settings\mario.li\桌面\DotNet\NUnit-2.5.10.11092\NUnit-2.5.10.11092\bin\net-2.0" machine-name="YT00579-100" user="Mario.Li" user-domain="YZ" />
  <culture-info current-culture="zh-CN" current-uiculture="zh-CN" />
  <test-suite type="Assembly" name="C:\Documents and Settings\mario.li\My Documents\Visual Studio 2010\Projects\OesClient\OesUI.test\bin\Debug\OesUI.test.dll" executed="True" result="Success" success="True" time="1.781" asserts="0">
    <results>
      <test-suite type="Namespace" name="OesUI" executed="True" result="Success" success="True" time="1.766" asserts="0">
        <results>
          <test-suite type="Namespace" name="test" executed="True" result="Success" success="True" time="1.766" asserts="0">
            <results>
              <test-suite type="TestFixture" name="DALTest" executed="True" result="Success" success="True" time="1.766" asserts="0">
                <results>
                  <test-suite type="ParameterizedTest" name="TestExamAnswerDetail" executed="True" result="Success" success="True" time="1.750" asserts="0">
                    <results>
                      <test-case name="OesUI.test.DALTest.TestExamAnswerDetail()" executed="True" result="Success" success="True" time="1.750" asserts="1" />
                    </results>
                  </test-suite>
                </results>
              </test-suite>
            </results>
          </test-suite>
        </results>
      </test-suite>
    </results>
  </test-suite>
</test-results>